This is pdfTeX, Version 3.14159265-2.6-1.40.16 (MiKTeX 2.9 64-bit) (preloaded format=pdflatex 2016.4.29)  30 APR 2017 14:32
entering extended mode
**C:/Users/mao/Dropbox/project4/project4.tex
(C:/Users/mao/Dropbox/project4/project4.tex
LaTeX2e <2015/10/01> patch level 2
Babel <3.9n> and hyphenation patterns for 69 languages loaded.
("C:\Users\mao\AppData\Local\Programs\MiKTeX 2.9\tex\latex\base\article.cls"
Document Class: article 2014/09/29 v1.4h Standard LaTeX document class
("C:\Users\mao\AppData\Local\Programs\MiKTeX 2.9\tex\latex\base\size10.clo"
File: size10.clo 2014/09/29 v1.4h Standard LaTeX file (size option)
)
\c@part=\count79
\c@section=\count80
\c@subsection=\count81
\c@subsubsection=\count82
\c@paragraph=\count83
\c@subparagraph=\count84
\c@figure=\count85
\c@table=\count86
\abovecaptionskip=\skip41
\belowcaptionskip=\skip42
\bibindent=\dimen102
)
("C:\Users\mao\AppData\Local\Programs\MiKTeX 2.9\tex\latex\graphics\graphicx.st
y"
Package: graphicx 2014/10/28 v1.0g Enhanced LaTeX Graphics (DPC,SPQR)

("C:\Users\mao\AppData\Local\Programs\MiKTeX 2.9\tex\latex\graphics\keyval.sty"
Package: keyval 2014/10/28 v1.15 key=value parser (DPC)
\KV@toks@=\toks14
)
("C:\Users\mao\AppData\Local\Programs\MiKTeX 2.9\tex\latex\graphics\graphics.st
y"
Package: graphics 2014/10/28 v1.0p Standard LaTeX Graphics (DPC,SPQR)
 ("C:\Users\mao\AppData\Local\Programs\MiKTeX 2.9\tex\latex\graphics\trig.sty"
Package: trig 1999/03/16 v1.09 sin cos tan (DPC)
)
("C:\Users\mao\AppData\Local\Programs\MiKTeX 2.9\tex\latex\00miktex\graphics.cf
g"
File: graphics.cfg 2007/01/18 v1.5 graphics configuration of teTeX/TeXLive
)
Package graphics Info: Driver file: pdftex.def on input line 94.

("C:\Users\mao\AppData\Local\Programs\MiKTeX 2.9\tex\latex\pdftex-def\pdftex.de
f"
File: pdftex.def 2011/05/27 v0.06d Graphics/color for pdfTeX

("C:\Users\mao\AppData\Local\Programs\MiKTeX 2.9\tex\generic\oberdiek\infwarerr
.sty"
Package: infwarerr 2010/04/08 v1.3 Providing info/warning/error messages (HO)
)
("C:\Users\mao\AppData\Local\Programs\MiKTeX 2.9\tex\generic\oberdiek\ltxcmds.s
ty"
Package: ltxcmds 2011/11/09 v1.22 LaTeX kernel commands for general use (HO)
)
\Gread@gobject=\count87
))
\Gin@req@height=\dimen103
\Gin@req@width=\dimen104
)
("C:\Users\mao\AppData\Local\Programs\MiKTeX 2.9\tex\latex\base\inputenc.sty"
Package: inputenc 2015/03/17 v1.2c Input encoding file
\inpenc@prehook=\toks15
\inpenc@posthook=\toks16

("C:\Users\mao\AppData\Local\Programs\MiKTeX 2.9\tex\latex\base\utf8.def"
File: utf8.def 2015/09/07 v1.1p UTF-8 support for inputenc
Now handling font encoding OML ...
... no UTF-8 mapping file for font encoding OML
Now handling font encoding T1 ...
... processing UTF-8 mapping file for font encoding T1

("C:\Users\mao\AppData\Local\Programs\MiKTeX 2.9\tex\latex\base\t1enc.dfu"
File: t1enc.dfu 2015/09/07 v1.1p UTF-8 support for inputenc
   defining Unicode char U+00A0 (decimal 160)
   defining Unicode char U+00A1 (decimal 161)
   defining Unicode char U+00A3 (decimal 163)
   defining Unicode char U+00AB (decimal 171)
   defining Unicode char U+00AD (decimal 173)
   defining Unicode char U+00BB (decimal 187)
   defining Unicode char U+00BF (decimal 191)
   defining Unicode char U+00C0 (decimal 192)
   defining Unicode char U+00C1 (decimal 193)
   defining Unicode char U+00C2 (decimal 194)
   defining Unicode char U+00C3 (decimal 195)
   defining Unicode char U+00C4 (decimal 196)
   defining Unicode char U+00C5 (decimal 197)
   defining Unicode char U+00C6 (decimal 198)
   defining Unicode char U+00C7 (decimal 199)
   defining Unicode char U+00C8 (decimal 200)
   defining Unicode char U+00C9 (decimal 201)
   defining Unicode char U+00CA (decimal 202)
   defining Unicode char U+00CB (decimal 203)
   defining Unicode char U+00CC (decimal 204)
   defining Unicode char U+00CD (decimal 205)
   defining Unicode char U+00CE (decimal 206)
   defining Unicode char U+00CF (decimal 207)
   defining Unicode char U+00D0 (decimal 208)
   defining Unicode char U+00D1 (decimal 209)
   defining Unicode char U+00D2 (decimal 210)
   defining Unicode char U+00D3 (decimal 211)
   defining Unicode char U+00D4 (decimal 212)
   defining Unicode char U+00D5 (decimal 213)
   defining Unicode char U+00D6 (decimal 214)
   defining Unicode char U+00D8 (decimal 216)
   defining Unicode char U+00D9 (decimal 217)
   defining Unicode char U+00DA (decimal 218)
   defining Unicode char U+00DB (decimal 219)
   defining Unicode char U+00DC (decimal 220)
   defining Unicode char U+00DD (decimal 221)
   defining Unicode char U+00DE (decimal 222)
   defining Unicode char U+00DF (decimal 223)
   defining Unicode char U+00E0 (decimal 224)
   defining Unicode char U+00E1 (decimal 225)
   defining Unicode char U+00E2 (decimal 226)
   defining Unicode char U+00E3 (decimal 227)
   defining Unicode char U+00E4 (decimal 228)
   defining Unicode char U+00E5 (decimal 229)
   defining Unicode char U+00E6 (decimal 230)
   defining Unicode char U+00E7 (decimal 231)
   defining Unicode char U+00E8 (decimal 232)
   defining Unicode char U+00E9 (decimal 233)
   defining Unicode char U+00EA (decimal 234)
   defining Unicode char U+00EB (decimal 235)
   defining Unicode char U+00EC (decimal 236)
   defining Unicode char U+00ED (decimal 237)
   defining Unicode char U+00EE (decimal 238)
   defining Unicode char U+00EF (decimal 239)
   defining Unicode char U+00F0 (decimal 240)
   defining Unicode char U+00F1 (decimal 241)
   defining Unicode char U+00F2 (decimal 242)
   defining Unicode char U+00F3 (decimal 243)
   defining Unicode char U+00F4 (decimal 244)
   defining Unicode char U+00F5 (decimal 245)
   defining Unicode char U+00F6 (decimal 246)
   defining Unicode char U+00F8 (decimal 248)
   defining Unicode char U+00F9 (decimal 249)
   defining Unicode char U+00FA (decimal 250)
   defining Unicode char U+00FB (decimal 251)
   defining Unicode char U+00FC (decimal 252)
   defining Unicode char U+00FD (decimal 253)
   defining Unicode char U+00FE (decimal 254)
   defining Unicode char U+00FF (decimal 255)
   defining Unicode char U+0102 (decimal 258)
   defining Unicode char U+0103 (decimal 259)
   defining Unicode char U+0104 (decimal 260)
   defining Unicode char U+0105 (decimal 261)
   defining Unicode char U+0106 (decimal 262)
   defining Unicode char U+0107 (decimal 263)
   defining Unicode char U+010C (decimal 268)
   defining Unicode char U+010D (decimal 269)
   defining Unicode char U+010E (decimal 270)
   defining Unicode char U+010F (decimal 271)
   defining Unicode char U+0110 (decimal 272)
   defining Unicode char U+0111 (decimal 273)
   defining Unicode char U+0118 (decimal 280)
   defining Unicode char U+0119 (decimal 281)
   defining Unicode char U+011A (decimal 282)
   defining Unicode char U+011B (decimal 283)
   defining Unicode char U+011E (decimal 286)
   defining Unicode char U+011F (decimal 287)
   defining Unicode char U+0130 (decimal 304)
   defining Unicode char U+0131 (decimal 305)
   defining Unicode char U+0132 (decimal 306)
   defining Unicode char U+0133 (decimal 307)
   defining Unicode char U+0139 (decimal 313)
   defining Unicode char U+013A (decimal 314)
   defining Unicode char U+013D (decimal 317)
   defining Unicode char U+013E (decimal 318)
   defining Unicode char U+0141 (decimal 321)
   defining Unicode char U+0142 (decimal 322)
   defining Unicode char U+0143 (decimal 323)
   defining Unicode char U+0144 (decimal 324)
   defining Unicode char U+0147 (decimal 327)
   defining Unicode char U+0148 (decimal 328)
   defining Unicode char U+014A (decimal 330)
   defining Unicode char U+014B (decimal 331)
   defining Unicode char U+0150 (decimal 336)
   defining Unicode char U+0151 (decimal 337)
   defining Unicode char U+0152 (decimal 338)
   defining Unicode char U+0153 (decimal 339)
   defining Unicode char U+0154 (decimal 340)
   defining Unicode char U+0155 (decimal 341)
   defining Unicode char U+0158 (decimal 344)
   defining Unicode char U+0159 (decimal 345)
   defining Unicode char U+015A (decimal 346)
   defining Unicode char U+015B (decimal 347)
   defining Unicode char U+015E (decimal 350)
   defining Unicode char U+015F (decimal 351)
   defining Unicode char U+0160 (decimal 352)
   defining Unicode char U+0161 (decimal 353)
   defining Unicode char U+0162 (decimal 354)
   defining Unicode char U+0163 (decimal 355)
   defining Unicode char U+0164 (decimal 356)
   defining Unicode char U+0165 (decimal 357)
   defining Unicode char U+016E (decimal 366)
   defining Unicode char U+016F (decimal 367)
   defining Unicode char U+0170 (decimal 368)
   defining Unicode char U+0171 (decimal 369)
   defining Unicode char U+0174 (decimal 372)
   defining Unicode char U+0175 (decimal 373)
   defining Unicode char U+0176 (decimal 374)
   defining Unicode char U+0177 (decimal 375)
   defining Unicode char U+0178 (decimal 376)
   defining Unicode char U+0179 (decimal 377)
   defining Unicode char U+017A (decimal 378)
   defining Unicode char U+017B (decimal 379)
   defining Unicode char U+017C (decimal 380)
   defining Unicode char U+017D (decimal 381)
   defining Unicode char U+017E (decimal 382)
   defining Unicode char U+0218 (decimal 536)
   defining Unicode char U+0219 (decimal 537)
   defining Unicode char U+021A (decimal 538)
   defining Unicode char U+021B (decimal 539)
   defining Unicode char U+200C (decimal 8204)
   defining Unicode char U+2013 (decimal 8211)
   defining Unicode char U+2014 (decimal 8212)
   defining Unicode char U+2018 (decimal 8216)
   defining Unicode char U+2019 (decimal 8217)
   defining Unicode char U+201A (decimal 8218)
   defining Unicode char U+201C (decimal 8220)
   defining Unicode char U+201D (decimal 8221)
   defining Unicode char U+201E (decimal 8222)
   defining Unicode char U+2030 (decimal 8240)
   defining Unicode char U+2031 (decimal 8241)
   defining Unicode char U+2039 (decimal 8249)
   defining Unicode char U+203A (decimal 8250)
   defining Unicode char U+2423 (decimal 9251)
)
Now handling font encoding OT1 ...
... processing UTF-8 mapping file for font encoding OT1

("C:\Users\mao\AppData\Local\Programs\MiKTeX 2.9\tex\latex\base\ot1enc.dfu"
File: ot1enc.dfu 2015/09/07 v1.1p UTF-8 support for inputenc
   defining Unicode char U+00A0 (decimal 160)
   defining Unicode char U+00A1 (decimal 161)
   defining Unicode char U+00A3 (decimal 163)
   defining Unicode char U+00AD (decimal 173)
   defining Unicode char U+00B8 (decimal 184)
   defining Unicode char U+00BF (decimal 191)
   defining Unicode char U+00C5 (decimal 197)
   defining Unicode char U+00C6 (decimal 198)
   defining Unicode char U+00D8 (decimal 216)
   defining Unicode char U+00DF (decimal 223)
   defining Unicode char U+00E6 (decimal 230)
   defining Unicode char U+00EC (decimal 236)
   defining Unicode char U+00ED (decimal 237)
   defining Unicode char U+00EE (decimal 238)
   defining Unicode char U+00EF (decimal 239)
   defining Unicode char U+00F8 (decimal 248)
   defining Unicode char U+0131 (decimal 305)
   defining Unicode char U+0141 (decimal 321)
   defining Unicode char U+0142 (decimal 322)
   defining Unicode char U+0152 (decimal 338)
   defining Unicode char U+0153 (decimal 339)
   defining Unicode char U+0174 (decimal 372)
   defining Unicode char U+0175 (decimal 373)
   defining Unicode char U+0176 (decimal 374)
   defining Unicode char U+0177 (decimal 375)
   defining Unicode char U+0218 (decimal 536)
   defining Unicode char U+0219 (decimal 537)
   defining Unicode char U+021A (decimal 538)
   defining Unicode char U+021B (decimal 539)
   defining Unicode char U+2013 (decimal 8211)
   defining Unicode char U+2014 (decimal 8212)
   defining Unicode char U+2018 (decimal 8216)
   defining Unicode char U+2019 (decimal 8217)
   defining Unicode char U+201C (decimal 8220)
   defining Unicode char U+201D (decimal 8221)
)
Now handling font encoding OMS ...
... processing UTF-8 mapping file for font encoding OMS

("C:\Users\mao\AppData\Local\Programs\MiKTeX 2.9\tex\latex\base\omsenc.dfu"
File: omsenc.dfu 2015/09/07 v1.1p UTF-8 support for inputenc
   defining Unicode char U+00A7 (decimal 167)
   defining Unicode char U+00B6 (decimal 182)
   defining Unicode char U+00B7 (decimal 183)
   defining Unicode char U+2020 (decimal 8224)
   defining Unicode char U+2021 (decimal 8225)
   defining Unicode char U+2022 (decimal 8226)
)
Now handling font encoding OMX ...
... no UTF-8 mapping file for font encoding OMX
Now handling font encoding U ...
... no UTF-8 mapping file for font encoding U
   defining Unicode char U+00A9 (decimal 169)
   defining Unicode char U+00AA (decimal 170)
   defining Unicode char U+00AE (decimal 174)
   defining Unicode char U+00BA (decimal 186)
   defining Unicode char U+02C6 (decimal 710)
   defining Unicode char U+02DC (decimal 732)
   defining Unicode char U+200C (decimal 8204)
   defining Unicode char U+2026 (decimal 8230)
   defining Unicode char U+2122 (decimal 8482)
   defining Unicode char U+2423 (decimal 9251)
))
("C:\Users\mao\AppData\Local\Programs\MiKTeX 2.9\tex\generic\babel\babel.sty"
Package: babel 2016/01/08 3.9n The Babel package

*************************************
* Local config file bblopts.cfg used
*
("C:\Users\mao\AppData\Local\Programs\MiKTeX 2.9\tex\latex\00miktex\bblopts.cfg
"
File: bblopts.cfg 2006/07/31 v1.0 MiKTeX 'babel' configuration
)
("C:\Users\mao\AppData\Local\Programs\MiKTeX 2.9\tex\latex\babel-english\englis
h.ldf"
Language: english 2012/08/20 v3.3p English support from the babel system

("C:\Users\mao\AppData\Local\Programs\MiKTeX 2.9\tex\generic\babel\babel.def"
File: babel.def 2016/01/08 3.9n Babel common definitions
\babel@savecnt=\count88
\U@D=\dimen105
)
\l@canadian = a dialect from \language\l@american 
\l@australian = a dialect from \language\l@british 
\l@newzealand = a dialect from \language\l@british 
))
("C:\Users\mao\AppData\Local\Programs\MiKTeX 2.9\tex\latex\listings\listings.st
y"
\lst@mode=\count89
\lst@gtempboxa=\box26
\lst@token=\toks17
\lst@length=\count90
\lst@currlwidth=\dimen106
\lst@column=\count91
\lst@pos=\count92
\lst@lostspace=\dimen107
\lst@width=\dimen108
\lst@newlines=\count93
\lst@lineno=\count94
\lst@maxwidth=\dimen109

("C:\Users\mao\AppData\Local\Programs\MiKTeX 2.9\tex\latex\listings\lstmisc.sty
"
File: lstmisc.sty 2015/06/04 1.6 (Carsten Heinz)
\c@lstnumber=\count95
\lst@skipnumbers=\count96
\lst@framebox=\box27
)
("C:\Users\mao\AppData\Local\Programs\MiKTeX 2.9\tex\latex\listings\listings.cf
g"
File: listings.cfg 2015/06/04 1.6 listings configuration
))
Package: listings 2015/06/04 1.6 (Carsten Heinz)

("C:\Users\mao\AppData\Local\Programs\MiKTeX 2.9\tex\latex\amsfonts\amssymb.sty
"
Package: amssymb 2013/01/14 v3.01 AMS font symbols

("C:\Users\mao\AppData\Local\Programs\MiKTeX 2.9\tex\latex\amsfonts\amsfonts.st
y"
Package: amsfonts 2013/01/14 v3.01 Basic AMSFonts support
\@emptytoks=\toks18
\symAMSa=\mathgroup4
\symAMSb=\mathgroup5
LaTeX Font Info:    Overwriting math alphabet `\mathfrak' in version `bold'
(Font)                  U/euf/m/n --> U/euf/b/n on input line 106.
))
("C:\Users\mao\AppData\Local\Programs\MiKTeX 2.9\tex\latex\amsmath\amsmath.sty"
Package: amsmath 2013/01/14 v2.14 AMS math features
\@mathmargin=\skip43
For additional information on amsmath, use the `?' option.
("C:\Users\mao\AppData\Local\Programs\MiKTeX 2.9\tex\latex\amsmath\amstext.sty"
Package: amstext 2000/06/29 v2.01
("C:\Users\mao\AppData\Local\Programs\MiKTeX 2.9\tex\latex\amsmath\amsgen.sty"
File: amsgen.sty 1999/11/30 v2.0
\@emptytoks=\toks19
\ex@=\dimen110
)) ("C:\Users\mao\AppData\Local\Programs\MiKTeX 2.9\tex\latex\amsmath\amsbsy.st
y"
Package: amsbsy 1999/11/29 v1.2d
\pmbraise@=\dimen111
) ("C:\Users\mao\AppData\Local\Programs\MiKTeX 2.9\tex\latex\amsmath\amsopn.sty
"
Package: amsopn 1999/12/14 v2.01 operator names
)
\inf@bad=\count97
LaTeX Info: Redefining \frac on input line 210.
\uproot@=\count98
\leftroot@=\count99
LaTeX Info: Redefining \overline on input line 306.
\classnum@=\count100
\DOTSCASE@=\count101
LaTeX Info: Redefining \ldots on input line 378.
LaTeX Info: Redefining \dots on input line 381.
LaTeX Info: Redefining \cdots on input line 466.
\Mathstrutbox@=\box28
\strutbox@=\box29
\big@size=\dimen112
LaTeX Font Info:    Redeclaring font encoding OML on input line 566.
LaTeX Font Info:    Redeclaring font encoding OMS on input line 567.
\macc@depth=\count102
\c@MaxMatrixCols=\count103
\dotsspace@=\muskip10
\c@parentequation=\count104
\dspbrk@lvl=\count105
\tag@help=\toks20
\row@=\count106
\column@=\count107
\maxfields@=\count108
\andhelp@=\toks21
\eqnshift@=\dimen113
\alignsep@=\dimen114
\tagshift@=\dimen115
\tagwidth@=\dimen116
\totwidth@=\dimen117
\lineht@=\dimen118
\@envbody=\toks22
\multlinegap=\skip44
\multlinetaggap=\skip45
\mathdisplay@stack=\toks23
LaTeX Info: Redefining \[ on input line 2665.
LaTeX Info: Redefining \] on input line 2666.
) ("C:\Users\mao\AppData\Local\Programs\MiKTeX 2.9\tex\latex\bbold\bbold.sty"
Package: bbold 1994/04/06 Bbold symbol package
LaTeX Font Info:    Redeclaring math alphabet \mathbb on input line 42.
) ("C:\Users\mao\AppData\Local\Programs\MiKTeX 2.9\tex\latex\graphics\color.sty
"
Package: color 2014/10/28 v1.1a Standard LaTeX Color (DPC)
 ("C:\Users\mao\AppData\Local\Programs\MiKTeX 2.9\tex\latex\00miktex\color.cfg"
File: color.cfg 2007/01/18 v1.5 color configuration of teTeX/TeXLive
)
Package color Info: Driver file: pdftex.def on input line 142.
) ("C:\Users\mao\AppData\Local\Programs\MiKTeX 2.9\tex\latex\url\url.sty"
\Urlmuskip=\muskip11
Package: url 2013/09/16  ver 3.4  Verb mode for urls, etc.
)
("C:\Users\mao\AppData\Local\Programs\MiKTeX 2.9\tex\latex\float\float.sty"
Package: float 2001/11/08 v1.3d Float enhancements (AL)
\c@float@type=\count109
\float@exts=\toks24
\float@box=\box30
\@float@everytoks=\toks25
\@floatcapt=\box31
)
("C:\Users\mao\AppData\Local\Programs\MiKTeX 2.9\tex\latex\oberdiek\epstopdf.st
y"
Package: epstopdf 2010/02/09 v2.5 Conversion with epstopdf on the fly (HO)

("C:\Users\mao\AppData\Local\Programs\MiKTeX 2.9\tex\latex\oberdiek\epstopdf-ba
se.sty"
Package: epstopdf-base 2010/02/09 v2.5 Base part for package epstopdf

("C:\Users\mao\AppData\Local\Programs\MiKTeX 2.9\tex\latex\oberdiek\grfext.sty"
Package: grfext 2010/08/19 v1.1 Manage graphics extensions (HO)

("C:\Users\mao\AppData\Local\Programs\MiKTeX 2.9\tex\generic\oberdiek\kvdefinek
eys.sty"
Package: kvdefinekeys 2011/04/07 v1.3 Define keys (HO)
))
("C:\Users\mao\AppData\Local\Programs\MiKTeX 2.9\tex\latex\oberdiek\kvoptions.s
ty"
Package: kvoptions 2011/06/30 v3.11 Key value format for package options (HO)

("C:\Users\mao\AppData\Local\Programs\MiKTeX 2.9\tex\generic\oberdiek\kvsetkeys
.sty"
Package: kvsetkeys 2012/04/25 v1.16 Key value parser (HO)

("C:\Users\mao\AppData\Local\Programs\MiKTeX 2.9\tex\generic\oberdiek\etexcmds.
sty"
Package: etexcmds 2011/02/16 v1.5 Avoid name clashes with e-TeX commands (HO)

("C:\Users\mao\AppData\Local\Programs\MiKTeX 2.9\tex\generic\oberdiek\ifluatex.
sty"
Package: ifluatex 2010/03/01 v1.3 Provides the ifluatex switch (HO)
Package ifluatex Info: LuaTeX not detected.
)
Package etexcmds Info: Could not find \expanded.
(etexcmds)             That can mean that you are not using pdfTeX 1.50 or
(etexcmds)             that some package has redefined \expanded.
(etexcmds)             In the latter case, load this package earlier.
)))
("C:\Users\mao\AppData\Local\Programs\MiKTeX 2.9\tex\generic\oberdiek\pdftexcmd
s.sty"
Package: pdftexcmds 2011/11/29 v0.20 Utility functions of pdfTeX for LuaTeX (HO
)

("C:\Users\mao\AppData\Local\Programs\MiKTeX 2.9\tex\generic\oberdiek\ifpdf.sty
"
Package: ifpdf 2011/01/30 v2.3 Provides the ifpdf switch (HO)
Package ifpdf Info: pdfTeX in PDF mode is detected.
)
Package pdftexcmds Info: LuaTeX not detected.
Package pdftexcmds Info: \pdf@primitive is available.
Package pdftexcmds Info: \pdf@ifprimitive is available.
Package pdftexcmds Info: \pdfdraftmode found.
)
Package grfext Info: Graphics extension search list:
(grfext)             [.png,.pdf,.jpg,.mps,.jpeg,.jbig2,.jb2,.PNG,.PDF,.JPG,.JPE
G,.JBIG2,.JB2,.eps]
(grfext)             \AppendGraphicsExtensions on input line 452.
)) (project4.aux)
\openout1 = `project4.aux'.

LaTeX Font Info:    Checking defaults for OML/cmm/m/it on input line 14.
LaTeX Font Info:    ... okay on input line 14.
LaTeX Font Info:    Checking defaults for T1/cmr/m/n on input line 14.
LaTeX Font Info:    ... okay on input line 14.
LaTeX Font Info:    Checking defaults for OT1/cmr/m/n on input line 14.
LaTeX Font Info:    ... okay on input line 14.
LaTeX Font Info:    Checking defaults for OMS/cmsy/m/n on input line 14.
LaTeX Font Info:    ... okay on input line 14.
LaTeX Font Info:    Checking defaults for OMX/cmex/m/n on input line 14.
LaTeX Font Info:    ... okay on input line 14.
LaTeX Font Info:    Checking defaults for U/cmr/m/n on input line 14.
LaTeX Font Info:    ... okay on input line 14.

("C:\Users\mao\AppData\Local\Programs\MiKTeX 2.9\tex\context\base\supp-pdf.mkii
"
[Loading MPS to PDF converter (version 2006.09.02).]
\scratchcounter=\count110
\scratchdimen=\dimen119
\scratchbox=\box32
\nofMPsegments=\count111
\nofMParguments=\count112
\everyMPshowfont=\toks26
\MPscratchCnt=\count113
\MPscratchDim=\dimen120
\MPnumerator=\count114
\makeMPintoPDFobject=\count115
\everyMPtoPDFconversion=\toks27
)
\c@lstlisting=\count116
LaTeX Font Info:    Try loading font information for U+msa on input line 17.
 ("C:\Users\mao\AppData\Local\Programs\MiKTeX 2.9\tex\latex\amsfonts\umsa.fd"
File: umsa.fd 2013/01/14 v3.01 AMS symbols A
)
LaTeX Font Info:    Try loading font information for U+msb on input line 17.
("C:\Users\mao\AppData\Local\Programs\MiKTeX 2.9\tex\latex\amsfonts\umsb.fd"
File: umsb.fd 2013/01/14 v3.01 AMS symbols B
)
[1

{C:/Users/mao/AppData/Local/MiKTeX/2.9/pdftex/config/pdftex.map}] [2]
[3] [4] [5]
LaTeX Font Info:    Try loading font information for OML+cmr on input line 204.


("C:\Users\mao\AppData\Local\Programs\MiKTeX 2.9\tex\latex\base\omlcmr.fd"
File: omlcmr.fd 2014/09/29 v2.5h Standard LaTeX font definitions
)
LaTeX Font Info:    Font shape `OML/cmr/m/n' in size <10> not available
(Font)              Font shape `OML/cmm/m/it' tried instead on input line 204.
LaTeX Font Info:    Try loading font information for OMS+cmr on input line 205.


("C:\Users\mao\AppData\Local\Programs\MiKTeX 2.9\tex\latex\base\omscmr.fd"
File: omscmr.fd 2014/09/29 v2.5h Standard LaTeX font definitions
)
LaTeX Font Info:    Font shape `OMS/cmr/m/n' in size <10> not available
(Font)              Font shape `OMS/cmsy/m/n' tried instead on input line 205.

[6]
Overfull \hbox (9.0036pt too wide) in paragraph at lines 222--223
[][][][][][][][][][][][][][][][][][][][][][] 
 []


Overfull \hbox (9.0036pt too wide) in paragraph at lines 223--224
[][][][][][][][][][][][][][][][][][][][][][] 
 []

[7]
Package epstopdf Info: Source file: <m_r_rho.eps>
(epstopdf)                    date: 2017-04-28 21:54:41
(epstopdf)                    size: 19595 bytes
(epstopdf)             Output file: <m_r_rho-eps-converted-to.pdf>
(epstopdf)                    date: 2017-04-30 10:55:31
(epstopdf)                    size: 3948 bytes
(epstopdf)             Command: <epstopdf --outfile=m_r_rho-eps-converted-to.pd
f m_r_rho.eps>
(epstopdf)             \includegraphics on input line 283.
Package epstopdf Info: Output file is already uptodate.
 <m_r_rho-eps-converted-to.pdf, id=39, 505.89pt x 722.7pt>
File: m_r_rho-eps-converted-to.pdf Graphic file (type pdf)

<use m_r_rho-eps-converted-to.pdf>
Package pdftex.def Info: m_r_rho-eps-converted-to.pdf used on input line 283.
(pdftex.def)             Requested size: 227.62204pt x 325.17891pt.
 [8] [9 <./m_r_rho-eps-converted-to.pdf>]
Package epstopdf Info: Source file: <system_energy.eps>
(epstopdf)                    date: 2017-04-29 15:44:00
(epstopdf)                    size: 20317 bytes
(epstopdf)             Output file: <system_energy-eps-converted-to.pdf>
(epstopdf)                    date: 2017-04-30 10:55:31
(epstopdf)                    size: 4161 bytes
(epstopdf)             Command: <epstopdf --outfile=system_energy-eps-converted
-to.pdf system_energy.eps>
(epstopdf)             \includegraphics on input line 337.
Package epstopdf Info: Output file is already uptodate.

<system_energy-eps-converted-to.pdf, id=51, 505.89pt x 722.7pt>
File: system_energy-eps-converted-to.pdf Graphic file (type pdf)

<use system_energy-eps-converted-to.pdf>
Package pdftex.def Info: system_energy-eps-converted-to.pdf used on input line 
337.
(pdftex.def)             Requested size: 227.62204pt x 325.17891pt.
 [10] [11 <./system_energy-eps-converted-to.pdf>] (project4.bbl
Underfull \hbox (badness 1715) in paragraph at lines 4--8
[]\OT1/cmr/m/n/10 Morten Hjorth-Jensen.  White dwarf star.  $\OT1/cmtt/m/n/10 h
ttps : / / compphysics .$
 []


Underfull \hbox (badness 10000) in paragraph at lines 4--8
$\OT1/cmtt/m/n/10 github . io / ComputationalPhysicsMSU / doc / Projects / 2017
 / Project4 /$
 []


Underfull \hbox (badness 5607) in paragraph at lines 10--15
[]\OT1/cmr/m/n/10 Morten Hjorth-Jensen.  Di-ag-o-nal-iza-tion and eigen-value p
rob-lems.
 []


Underfull \hbox (badness 10000) in paragraph at lines 10--15
$\OT1/cmtt/m/n/10 https : / / compphysics . github . io / ComputationalPhysicsM
SU / doc /$
 []

[12]) [13] (project4.aux) ) 
Here is how much of TeX's memory you used:
 4876 strings out of 493634
 65042 string characters out of 3136055
 160936 words of memory out of 3000000
 8151 multiletter control sequences out of 15000+200000
 12290 words of font info for 48 fonts, out of 3000000 for 9000
 1025 hyphenation exceptions out of 8191
 42i,11n,32p,2182b,1564s stack positions out of 5000i,500n,10000p,200000b,50000s
<C:/Users/mao/AppData/Local/Programs/MiKTeX 2.9/font
s/type1/public/amsfonts/cm/cmbx10.pfb><C:/Users/mao/AppData/Local/Programs/MiKT
eX 2.9/fonts/type1/public/amsfonts/cm/cmbx12.pfb><C:/Users/mao/AppData/Local/Pr
ograms/MiKTeX 2.9/fonts/type1/public/amsfonts/cm/cmex10.pfb><C:/Users/mao/AppDa
ta/Local/Programs/MiKTeX 2.9/fonts/type1/public/amsfonts/cm/cmmi10.pfb><C:/User
s/mao/AppData/Local/Programs/MiKTeX 2.9/fonts/type1/public/amsfonts/cm/cmmi5.pf
b><C:/Users/mao/AppData/Local/Programs/MiKTeX 2.9/fonts/type1/public/amsfonts/c
m/cmmi7.pfb><C:/Users/mao/AppData/Local/Programs/MiKTeX 2.9/fonts/type1/public/
amsfonts/cm/cmr10.pfb><C:/Users/mao/AppData/Local/Programs/MiKTeX 2.9/fonts/typ
e1/public/amsfonts/cm/cmr12.pfb><C:/Users/mao/AppData/Local/Programs/MiKTeX 2.9
/fonts/type1/public/amsfonts/cm/cmr17.pfb><C:/Users/mao/AppData/Local/Programs/
MiKTeX 2.9/fonts/type1/public/amsfonts/cm/cmr5.pfb><C:/Users/mao/AppData/Local/
Programs/MiKTeX 2.9/fonts/type1/public/amsfonts/cm/cmr7.pfb><C:/Users/mao/AppDa
ta/Local/Programs/MiKTeX 2.9/fonts/type1/public/amsfonts/cm/cmsy10.pfb><C:/User
s/mao/AppData/Local/Programs/MiKTeX 2.9/fonts/type1/public/amsfonts/cm/cmsy7.pf
b><C:/Users/mao/AppData/Local/Programs/MiKTeX 2.9/fonts/type1/public/amsfonts/c
m/cmtt10.pfb><C:/Users/mao/AppData/Local/Programs/MiKTeX 2.9/fonts/type1/public
/amsfonts/symbols/msbm10.pfb><C:/Users/mao/AppData/Local/Programs/MiKTeX 2.9/fo
nts/type1/public/amsfonts/symbols/msbm7.pfb>
Output written on project4.pdf (13 pages, 226776 bytes).
PDF statistics:
 121 PDF objects out of 1000 (max. 8388607)
 0 named destinations out of 1000 (max. 500000)
 11 words of extra memory for PDF output out of 10000 (max. 10000000)

